<?xml version="1.0" encoding="UTF-8"?>
<testsuite xmlns:xsi="http://www.w3.org/2001/XMLSchema-instance" xsi:noNamespaceSchemaLocation="https://maven.apache.org/surefire/maven-surefire-plugin/xsd/surefire-test-report.xsd" version="3.0.2" name="TestSuite" time="17.717" tests="2" errors="0" skipped="0" failures="0">
  <properties>
[...]
</properties>
  <testcase name="runScenario[&quot;Buscar la palabra selenium en Chrome&quot;, &quot;Búsqueda en Chrome&quot;](1)" classname="com.mobile.automation.runners.TestRunner" time="10.88">
    <system-out><![CDATA[
@mobile @chrome @search @smoke
Scenario: Buscar la palabra selenium en Chrome       # src/test/resources/features/busqueda_chrome.feature:8
Starting scenario: Buscar la palabra selenium en Chrome
Chrome abierto correctamente
  Given el usuario abre Chrome en el dispositivo     # com.mobile.automation.stepdefinitions.BusquedaChromeSteps.elUsuarioAbreChromeEnElDispositivo()
Búsqueda realizada: selenium
  When el usuario busca "selenium" en Chrome         # com.mobile.automation.stepdefinitions.BusquedaChromeSteps.elUsuarioBuscaEnChrome(java.lang.String)
Verificación exitosa - Resultados mostrados
  Then el usuario deberÃ­a ver resultados de bÃºsqueda # com.mobile.automation.stepdefinitions.BusquedaChromeSteps.elUsuarioDeberiaVerResultadosDeBusqueda()
Finished scenario: Buscar la palabra selenium en Chrome
]]></system-out>
    <system-err><![CDATA[[main] INFO org.testng.internal.Utils - [XmlSuite] [WARN] 'parallel' value 'false' is no longer valid, defaulting to 'none'.
]]></system-err>
  </testcase>
  <testcase name="runScenario[&quot;Abrir Chrome y verificar que carga&quot;, &quot;Prueba de ejemplo en navegador móvil&quot;](2)" classname="com.mobile.automation.runners.TestRunner" time="5.615">
    <system-out><![CDATA[
@mobile @chrome @smoke
Scenario: Abrir Chrome y verificar que carga      # src/test/resources/features/ejemplo.feature:8
Starting scenario: Abrir Chrome y verificar que carga
Chrome abierto correctamente
  Given el usuario abre la aplicaciÃ³n Chrome      # com.mobile.automation.stepdefinitions.EjemploSteps.elUsuarioAbreLaAplicacionChrome()
Esperando 3 segundos
  When el usuario espera 3 segundos               # com.mobile.automation.stepdefinitions.EjemploSteps.elUsuarioEsperaSegundos(int)
Verificación exitosa - Chrome está visible
  Then la aplicaciÃ³n Chrome deberÃ­a estar visible # com.mobile.automation.stepdefinitions.EjemploSteps.laAplicacionChromeDeberiaEstarVisible()
Finished scenario: Abrir Chrome y verificar que carga
]]></system-out>
  </testcase>
</testsuite>