<?xml version="1.0" encoding="UTF-8"?>
<testng-results ignored="0" total="2" passed="2" failed="0" skipped="0">
  <reporter-output>
  </reporter-output>
  <suite started-at="2025-10-13T13:52:46 CDT" name="Mobile Automation Test Suite" finished-at="2025-10-13T13:53:03 CDT" duration-ms="17348">
    <groups>
      <group name="cucumber">
        <method signature="AbstractTestNGCucumberTests.runScenario(io.cucumber.testng.PickleWrapper,io.cucumber.testng.FeatureWrapper)[pri:0, instance:com.mobile.automation.runners.TestRunner@6ed3ccb2]" name="runScenario" class="io.cucumber.testng.AbstractTestNGCucumberTests"/>
      </group> <!-- cucumber -->
    </groups>
    <test started-at="2025-10-13T13:52:46 CDT" name="Mobile Tests" finished-at="2025-10-13T13:53:03 CDT" duration-ms="17348">
      <class name="com.mobile.automation.runners.TestRunner">
        <test-method is-config="true" signature="setUpClass(org.testng.ITestContext)[pri:0, instance:com.mobile.automation.runners.TestRunner@6ed3ccb2]" started-at="2025-10-13T13:52:46 CDT" name="setUpClass" finished-at="2025-10-13T13:52:47 CDT" duration-ms="583" status="PASS">
          <params>
            <param index="0">
              <value>
                <![CDATA[org.testng.TestRunner@66715ca9]]>
              </value>
            </param>
          </params>
          <reporter-output>
          </reporter-output>
        </test-method> <!-- setUpClass -->
        <test-method signature="runScenario(io.cucumber.testng.PickleWrapper,io.cucumber.testng.FeatureWrapper)[pri:0, instance:com.mobile.automation.runners.TestRunner@6ed3ccb2]" started-at="2025-10-13T13:52:47 CDT" name="runScenario" description="Runs Cucumber Scenarios" data-provider="scenarios" finished-at="2025-10-13T13:52:57 CDT" duration-ms="10879" status="PASS">
          <params>
            <param index="0">
              <value>
                <![CDATA["Buscar la palabra selenium en Chrome"]]>
              </value>
            </param>
            <param index="1">
              <value>
                <![CDATA["Búsqueda en Chrome"]]>
              </value>
            </param>
          </params>
          <reporter-output>
          </reporter-output>
        </test-method> <!-- runScenario -->
        <test-method signature="runScenario(io.cucumber.testng.PickleWrapper,io.cucumber.testng.FeatureWrapper)[pri:0, instance:com.mobile.automation.runners.TestRunner@6ed3ccb2]" started-at="2025-10-13T13:52:57 CDT" name="runScenario" description="Runs Cucumber Scenarios" data-provider="scenarios" finished-at="2025-10-13T13:53:03 CDT" duration-ms="5615" status="PASS">
          <params>
            <param index="0">
              <value>
                <![CDATA["Abrir Chrome y verificar que carga"]]>
              </value>
            </param>
            <param index="1">
              <value>
                <![CDATA["Prueba de ejemplo en navegador móvil"]]>
              </value>
            </param>
          </params>
          <reporter-output>
          </reporter-output>
        </test-method> <!-- runScenario -->
        <test-method is-config="true" signature="tearDownClass()[pri:0, instance:com.mobile.automation.runners.TestRunner@6ed3ccb2]" started-at="2025-10-13T13:53:03 CDT" name="tearDownClass" finished-at="2025-10-13T13:53:03 CDT" duration-ms="244" status="PASS">
          <reporter-output>
          </reporter-output>
        </test-method> <!-- tearDownClass -->
      </class> <!-- com.mobile.automation.runners.TestRunner -->
    </test> <!-- Mobile Tests -->
  </suite> <!-- Mobile Automation Test Suite -->
</testng-results>
