<?xml version="1.0" encoding="UTF-8"?>
<!-- Generated by org.testng.reporters.JUnitReportReporter -->
<testsuite hostname="PC01901" failures="0" tests="2" name="com.mobile.automation.runners.TestRunner" time="16.494" errors="0" timestamp="2025-10-13T13:53:03 CDT" skipped="0">
  <testcase classname="com.mobile.automation.runners.TestRunner" name="runScenario" time="10.879"/>
  <testcase classname="com.mobile.automation.runners.TestRunner" name="runScenario" time="5.615"/>
</testsuite> <!-- com.mobile.automation.runners.TestRunner -->
